{"total": {"lines":{"total":5774,"covered":1456,"skipped":0,"pct":25.21},"statements":{"total":5774,"covered":1456,"skipped":0,"pct":25.21},"functions":{"total":82,"covered":55,"skipped":0,"pct":67.07},"branches":{"total":267,"covered":189,"skipped":0,"pct":70.78},"branchesTrue":{"total":0,"covered":0,"skipped":0,"pct":100}}
,"/Users/tahatoklucu/Yazılım/nextjs-ai-app/src/components/auth/AuthModal.tsx": {"lines":{"total":413,"covered":0,"skipped":0,"pct":0},"functions":{"total":1,"covered":0,"skipped":0,"pct":0},"statements":{"total":413,"covered":0,"skipped":0,"pct":0},"branches":{"total":1,"covered":0,"skipped":0,"pct":0}}
,"/Users/tahatoklucu/Yazılım/nextjs-ai-app/src/components/chat/ChatAssistantMessage.tsx": {"lines":{"total":122,"covered":105,"skipped":0,"pct":86.06},"functions":{"total":7,"covered":7,"skipped":0,"pct":100},"statements":{"total":122,"covered":105,"skipped":0,"pct":86.06},"branches":{"total":23,"covered":20,"skipped":0,"pct":86.95}}
,"/Users/tahatoklucu/Yazılım/nextjs-ai-app/src/components/chat/ChatMovieDetailCard.tsx": {"lines":{"total":111,"covered":104,"skipped":0,"pct":93.69},"functions":{"total":3,"covered":3,"skipped":0,"pct":100},"statements":{"total":111,"covered":104,"skipped":0,"pct":93.69},"branches":{"total":19,"covered":7,"skipped":0,"pct":36.84}}
,"/Users/tahatoklucu/Yazılım/nextjs-ai-app/src/components/chat/ChatMovieSearchResults.tsx": {"lines":{"total":58,"covered":57,"skipped":0,"pct":98.27},"functions":{"total":2,"covered":2,"skipped":0,"pct":100},"statements":{"total":58,"covered":57,"skipped":0,"pct":98.27},"branches":{"total":6,"covered":5,"skipped":0,"pct":83.33}}
,"/Users/tahatoklucu/Yazılım/nextjs-ai-app/src/components/chat/ChatPageClient.tsx": {"lines":{"total":650,"covered":0,"skipped":0,"pct":0},"functions":{"total":1,"covered":0,"skipped":0,"pct":0},"statements":{"total":650,"covered":0,"skipped":0,"pct":0},"branches":{"total":1,"covered":0,"skipped":0,"pct":0}}
,"/Users/tahatoklucu/Yazılım/nextjs-ai-app/src/components/chat/ChatToolInvocation.tsx": {"lines":{"total":58,"covered":48,"skipped":0,"pct":82.75},"functions":{"total":5,"covered":4,"skipped":0,"pct":80},"statements":{"total":58,"covered":48,"skipped":0,"pct":82.75},"branches":{"total":13,"covered":9,"skipped":0,"pct":69.23}}
,"/Users/tahatoklucu/Yazılım/nextjs-ai-app/src/components/chat/ChatToolLifecycle.tsx": {"lines":{"total":157,"covered":148,"skipped":0,"pct":94.26},"functions":{"total":7,"covered":7,"skipped":0,"pct":100},"statements":{"total":157,"covered":148,"skipped":0,"pct":94.26},"branches":{"total":18,"covered":14,"skipped":0,"pct":77.77}}
,"/Users/tahatoklucu/Yazılım/nextjs-ai-app/src/components/chat/StreamingMarkdownText.tsx": {"lines":{"total":24,"covered":24,"skipped":0,"pct":100},"functions":{"total":1,"covered":1,"skipped":0,"pct":100},"statements":{"total":24,"covered":24,"skipped":0,"pct":100},"branches":{"total":5,"covered":5,"skipped":0,"pct":100}}
,"/Users/tahatoklucu/Yazılım/nextjs-ai-app/src/components/common/DeferredMount.tsx": {"lines":{"total":18,"covered":18,"skipped":0,"pct":100},"functions":{"total":1,"covered":1,"skipped":0,"pct":100},"statements":{"total":18,"covered":18,"skipped":0,"pct":100},"branches":{"total":4,"covered":4,"skipped":0,"pct":100}}
,"/Users/tahatoklucu/Yazılım/nextjs-ai-app/src/components/favorites/FavoritesPageClient.tsx": {"lines":{"total":156,"covered":86,"skipped":0,"pct":55.12},"functions":{"total":4,"covered":1,"skipped":0,"pct":25},"statements":{"total":156,"covered":86,"skipped":0,"pct":55.12},"branches":{"total":11,"covered":3,"skipped":0,"pct":27.27}}
,"/Users/tahatoklucu/Yazılım/nextjs-ai-app/src/components/hero/CinemaExperienceSection.tsx": {"lines":{"total":62,"covered":0,"skipped":0,"pct":0},"functions":{"total":1,"covered":0,"skipped":0,"pct":0},"statements":{"total":62,"covered":0,"skipped":0,"pct":0},"branches":{"total":1,"covered":0,"skipped":0,"pct":0}}
,"/Users/tahatoklucu/Yazılım/nextjs-ai-app/src/components/hero/CinemaHeroCanvas.tsx": {"lines":{"total":8,"covered":0,"skipped":0,"pct":0},"functions":{"total":1,"covered":0,"skipped":0,"pct":0},"statements":{"total":8,"covered":0,"skipped":0,"pct":0},"branches":{"total":1,"covered":0,"skipped":0,"pct":0}}
,"/Users/tahatoklucu/Yazılım/nextjs-ai-app/src/components/hero/CinemaHeroEffects.tsx": {"lines":{"total":17,"covered":0,"skipped":0,"pct":0},"functions":{"total":1,"covered":0,"skipped":0,"pct":0},"statements":{"total":17,"covered":0,"skipped":0,"pct":0},"branches":{"total":1,"covered":0,"skipped":0,"pct":0}}
,"/Users/tahatoklucu/Yazılım/nextjs-ai-app/src/components/hero/CinemaHeroExperience.tsx": {"lines":{"total":40,"covered":0,"skipped":0,"pct":0},"functions":{"total":1,"covered":0,"skipped":0,"pct":0},"statements":{"total":40,"covered":0,"skipped":0,"pct":0},"branches":{"total":1,"covered":0,"skipped":0,"pct":0}}
,"/Users/tahatoklucu/Yazılım/nextjs-ai-app/src/components/hero/CinemaHeroFallback.tsx": {"lines":{"total":37,"covered":36,"skipped":0,"pct":97.29},"functions":{"total":1,"covered":1,"skipped":0,"pct":100},"statements":{"total":37,"covered":36,"skipped":0,"pct":97.29},"branches":{"total":3,"covered":2,"skipped":0,"pct":66.66}}
,"/Users/tahatoklucu/Yazılım/nextjs-ai-app/src/components/hero/CinemaHeroLazyGate.tsx": {"lines":{"total":17,"covered":0,"skipped":0,"pct":0},"functions":{"total":1,"covered":0,"skipped":0,"pct":0},"statements":{"total":17,"covered":0,"skipped":0,"pct":0},"branches":{"total":1,"covered":0,"skipped":0,"pct":0}}
,"/Users/tahatoklucu/Yazılım/nextjs-ai-app/src/components/hero/CinemaHeroScene.tsx": {"lines":{"total":635,"covered":0,"skipped":0,"pct":0},"functions":{"total":1,"covered":0,"skipped":0,"pct":0},"statements":{"total":635,"covered":0,"skipped":0,"pct":0},"branches":{"total":1,"covered":0,"skipped":0,"pct":0}}
,"/Users/tahatoklucu/Yazılım/nextjs-ai-app/src/components/hero/CinemaHeroSlot.tsx": {"lines":{"total":13,"covered":0,"skipped":0,"pct":0},"functions":{"total":1,"covered":0,"skipped":0,"pct":0},"statements":{"total":13,"covered":0,"skipped":0,"pct":0},"branches":{"total":1,"covered":0,"skipped":0,"pct":0}}
,"/Users/tahatoklucu/Yazılım/nextjs-ai-app/src/components/hero/HeroShaderBackground.tsx": {"lines":{"total":254,"covered":0,"skipped":0,"pct":0},"functions":{"total":1,"covered":0,"skipped":0,"pct":0},"statements":{"total":254,"covered":0,"skipped":0,"pct":0},"branches":{"total":1,"covered":0,"skipped":0,"pct":0}}
,"/Users/tahatoklucu/Yazılım/nextjs-ai-app/src/components/hero/HomeHeroBackdropShell.tsx": {"lines":{"total":19,"covered":19,"skipped":0,"pct":100},"functions":{"total":1,"covered":1,"skipped":0,"pct":100},"statements":{"total":19,"covered":19,"skipped":0,"pct":100},"branches":{"total":1,"covered":1,"skipped":0,"pct":100}}
,"/Users/tahatoklucu/Yazılım/nextjs-ai-app/src/components/hero/HomeHeroShaderLayer.tsx": {"lines":{"total":8,"covered":0,"skipped":0,"pct":0},"functions":{"total":1,"covered":0,"skipped":0,"pct":0},"statements":{"total":8,"covered":0,"skipped":0,"pct":0},"branches":{"total":1,"covered":0,"skipped":0,"pct":0}}
,"/Users/tahatoklucu/Yazılım/nextjs-ai-app/src/components/hero/HomePageHero.tsx": {"lines":{"total":33,"covered":0,"skipped":0,"pct":0},"functions":{"total":1,"covered":0,"skipped":0,"pct":0},"statements":{"total":33,"covered":0,"skipped":0,"pct":0},"branches":{"total":1,"covered":0,"skipped":0,"pct":0}}
,"/Users/tahatoklucu/Yazılım/nextjs-ai-app/src/components/home/HomePageClient.tsx": {"lines":{"total":319,"covered":0,"skipped":0,"pct":0},"functions":{"total":1,"covered":0,"skipped":0,"pct":0},"statements":{"total":319,"covered":0,"skipped":0,"pct":0},"branches":{"total":1,"covered":0,"skipped":0,"pct":0}}
,"/Users/tahatoklucu/Yazılım/nextjs-ai-app/src/components/home/HomePageClientRoot.tsx": {"lines":{"total":20,"covered":0,"skipped":0,"pct":0},"functions":{"total":1,"covered":0,"skipped":0,"pct":0},"statements":{"total":20,"covered":0,"skipped":0,"pct":0},"branches":{"total":1,"covered":0,"skipped":0,"pct":0}}
,"/Users/tahatoklucu/Yazılım/nextjs-ai-app/src/components/home/HomePageLoading.tsx": {"lines":{"total":34,"covered":34,"skipped":0,"pct":100},"functions":{"total":1,"covered":1,"skipped":0,"pct":100},"statements":{"total":34,"covered":34,"skipped":0,"pct":100},"branches":{"total":3,"covered":3,"skipped":0,"pct":100}}
,"/Users/tahatoklucu/Yazılım/nextjs-ai-app/src/components/layout/Footer.tsx": {"lines":{"total":83,"covered":83,"skipped":0,"pct":100},"functions":{"total":5,"covered":5,"skipped":0,"pct":100},"statements":{"total":83,"covered":83,"skipped":0,"pct":100},"branches":{"total":6,"covered":6,"skipped":0,"pct":100}}
,"/Users/tahatoklucu/Yazılım/nextjs-ai-app/src/components/layout/Header.tsx": {"lines":{"total":308,"covered":0,"skipped":0,"pct":0},"functions":{"total":1,"covered":0,"skipped":0,"pct":0},"statements":{"total":308,"covered":0,"skipped":0,"pct":0},"branches":{"total":1,"covered":0,"skipped":0,"pct":0}}
,"/Users/tahatoklucu/Yazılım/nextjs-ai-app/src/components/layout/PageHeroGlow.tsx": {"lines":{"total":23,"covered":23,"skipped":0,"pct":100},"functions":{"total":1,"covered":1,"skipped":0,"pct":100},"statements":{"total":23,"covered":23,"skipped":0,"pct":100},"branches":{"total":3,"covered":1,"skipped":0,"pct":33.33}}
,"/Users/tahatoklucu/Yazılım/nextjs-ai-app/src/components/movies/FavoriteButton.tsx": {"lines":{"total":64,"covered":57,"skipped":0,"pct":89.06},"functions":{"total":2,"covered":2,"skipped":0,"pct":100},"statements":{"total":64,"covered":57,"skipped":0,"pct":89.06},"branches":{"total":14,"covered":10,"skipped":0,"pct":71.42}}
,"/Users/tahatoklucu/Yazılım/nextjs-ai-app/src/components/movies/MovieCard.tsx": {"lines":{"total":53,"covered":53,"skipped":0,"pct":100},"functions":{"total":1,"covered":1,"skipped":0,"pct":100},"statements":{"total":53,"covered":53,"skipped":0,"pct":100},"branches":{"total":2,"covered":2,"skipped":0,"pct":100}}
,"/Users/tahatoklucu/Yazılım/nextjs-ai-app/src/components/movies/MovieDetailModal.tsx": {"lines":{"total":518,"covered":0,"skipped":0,"pct":0},"functions":{"total":1,"covered":0,"skipped":0,"pct":0},"statements":{"total":518,"covered":0,"skipped":0,"pct":0},"branches":{"total":1,"covered":0,"skipped":0,"pct":0}}
,"/Users/tahatoklucu/Yazılım/nextjs-ai-app/src/components/movies/MovieList.tsx": {"lines":{"total":101,"covered":76,"skipped":0,"pct":75.24},"functions":{"total":1,"covered":1,"skipped":0,"pct":100},"statements":{"total":101,"covered":76,"skipped":0,"pct":75.24},"branches":{"total":11,"covered":7,"skipped":0,"pct":63.63}}
,"/Users/tahatoklucu/Yazılım/nextjs-ai-app/src/components/movies/MovieNotFound.tsx": {"lines":{"total":62,"covered":62,"skipped":0,"pct":100},"functions":{"total":1,"covered":1,"skipped":0,"pct":100},"statements":{"total":62,"covered":62,"skipped":0,"pct":100},"branches":{"total":16,"covered":16,"skipped":0,"pct":100}}
,"/Users/tahatoklucu/Yazılım/nextjs-ai-app/src/components/movies/MoviePoster.tsx": {"lines":{"total":85,"covered":84,"skipped":0,"pct":98.82},"functions":{"total":4,"covered":3,"skipped":0,"pct":75},"statements":{"total":85,"covered":84,"skipped":0,"pct":98.82},"branches":{"total":25,"covered":21,"skipped":0,"pct":84}}
,"/Users/tahatoklucu/Yazılım/nextjs-ai-app/src/components/movies/SearchBar.tsx": {"lines":{"total":70,"covered":48,"skipped":0,"pct":68.57},"functions":{"total":3,"covered":3,"skipped":0,"pct":100},"statements":{"total":70,"covered":48,"skipped":0,"pct":68.57},"branches":{"total":5,"covered":4,"skipped":0,"pct":80}}
,"/Users/tahatoklucu/Yazılım/nextjs-ai-app/src/components/profile/ProfilePageClient.tsx": {"lines":{"total":286,"covered":0,"skipped":0,"pct":0},"functions":{"total":1,"covered":0,"skipped":0,"pct":0},"statements":{"total":286,"covered":0,"skipped":0,"pct":0},"branches":{"total":1,"covered":0,"skipped":0,"pct":0}}
,"/Users/tahatoklucu/Yazılım/nextjs-ai-app/src/components/profile/ProfileSettingsForm.tsx": {"lines":{"total":282,"covered":0,"skipped":0,"pct":0},"functions":{"total":1,"covered":0,"skipped":0,"pct":0},"statements":{"total":282,"covered":0,"skipped":0,"pct":0},"branches":{"total":1,"covered":0,"skipped":0,"pct":0}}
,"/Users/tahatoklucu/Yazılım/nextjs-ai-app/src/components/profile/UserAvatar.tsx": {"lines":{"total":53,"covered":51,"skipped":0,"pct":96.22},"functions":{"total":3,"covered":2,"skipped":0,"pct":66.66},"statements":{"total":53,"covered":51,"skipped":0,"pct":96.22},"branches":{"total":9,"covered":7,"skipped":0,"pct":77.77}}
,"/Users/tahatoklucu/Yazılım/nextjs-ai-app/src/components/providers/ConsoleGuard.tsx": {"lines":{"total":73,"covered":0,"skipped":0,"pct":0},"functions":{"total":1,"covered":0,"skipped":0,"pct":0},"statements":{"total":73,"covered":0,"skipped":0,"pct":0},"branches":{"total":1,"covered":0,"skipped":0,"pct":0}}
,"/Users/tahatoklucu/Yazılım/nextjs-ai-app/src/components/providers/FirebaseProviders.tsx": {"lines":{"total":8,"covered":8,"skipped":0,"pct":100},"functions":{"total":1,"covered":1,"skipped":0,"pct":100},"statements":{"total":8,"covered":8,"skipped":0,"pct":100},"branches":{"total":1,"covered":1,"skipped":0,"pct":100}}
,"/Users/tahatoklucu/Yazılım/nextjs-ai-app/src/components/providers/Providers.tsx": {"lines":{"total":82,"covered":0,"skipped":0,"pct":0},"functions":{"total":1,"covered":0,"skipped":0,"pct":0},"statements":{"total":82,"covered":0,"skipped":0,"pct":0},"branches":{"total":1,"covered":0,"skipped":0,"pct":0}}
,"/Users/tahatoklucu/Yazılım/nextjs-ai-app/src/components/ui/AnimatedActionButton.tsx": {"lines":{"total":229,"covered":217,"skipped":0,"pct":94.75},"functions":{"total":5,"covered":5,"skipped":0,"pct":100},"statements":{"total":229,"covered":217,"skipped":0,"pct":94.75},"branches":{"total":47,"covered":40,"skipped":0,"pct":85.1}}
,"/Users/tahatoklucu/Yazılım/nextjs-ai-app/src/components/ui/AnimatedActionButtonDemo.tsx": {"lines":{"total":96,"covered":0,"skipped":0,"pct":0},"functions":{"total":1,"covered":0,"skipped":0,"pct":0},"statements":{"total":96,"covered":0,"skipped":0,"pct":0},"branches":{"total":1,"covered":0,"skipped":0,"pct":0}}
,"/Users/tahatoklucu/Yazılım/nextjs-ai-app/src/components/ui/Button.tsx": {"lines":{"total":15,"covered":15,"skipped":0,"pct":100},"functions":{"total":1,"covered":1,"skipped":0,"pct":100},"statements":{"total":15,"covered":15,"skipped":0,"pct":100},"branches":{"total":1,"covered":1,"skipped":0,"pct":100}}
}
